{
  "RSpec": {
    "coverage": {
      "/Users/apa/3module/sweater-weather/spec/facades/coordinates_facade_spec.rb": {
        "lines": [
          1,
          null,
          1,
          1,
          1,
          null,
          1,
          null,
          null,
          null,
          null
        ]
      },
      "/Users/apa/3module/sweater-weather/spec/rails_helper.rb": {
        "lines": [
          null,
          1,
          1,
          1,
          null,
          1,
          1,
          1,
          null,
          null,
          null,
          null,
          null,
          null,
          null,
          null,
          null,
          null,
          null,
          null,
          null,
          null,
          null,
          null,
          null,
          null,
          null,
          null,
          1,
          null,
          0,
          0,
          null,
          1,
          null,
          1,
          null,
          null,
          null,
          null,
          1,
          null,
          null,
          null,
          null,
          null,
          null,
          null,
          null,
          null,
          null,
          null,
          null,
          null,
          null,
          null,
          null,
          null,
          1,
          null,
          null,
          1,
          null,
          null,
          null,
          null,
          1,
          1,
          1,
          1,
          null,
          null,
          null,
          1,
          1,
          1,
          5,
          5,
          1,
          1,
          null
        ]
      },
      "/Users/apa/3module/sweater-weather/config/environment.rb": {
        "lines": [
          null,
          1,
          null,
          null,
          1
        ]
      },
      "/Users/apa/3module/sweater-weather/config/application.rb": {
        "lines": [
          1,
          null,
          1,
          null,
          1,
          1,
          1,
          1,
          1,
          1,
          1,
          1,
          null,
          null,
          null,
          null,
          null,
          1,
          null,
          1,
          1,
          null,
          1,
          null,
          null,
          null,
          null,
          null,
          null,
          null,
          null,
          null,
          1,
          null,
          null
        ]
      },
      "/Users/apa/3module/sweater-weather/config/boot.rb": {
        "lines": [
          1,
          null,
          1,
          1
        ]
      },
      "/Users/apa/3module/sweater-weather/config/environments/test.rb": {
        "lines": [
          1,
          null,
          null,
          null,
          null,
          null,
          null,
          1,
          null,
          null,
          null,
          null,
          1,
          null,
          null,
          1,
          1,
          null,
          null,
          null,
          null,
          1,
          1,
          null,
          null,
          1,
          null,
          null,
          1,
          null,
          null,
          1,
          null,
          1,
          null,
          null,
          null,
          null,
          1,
          null,
          null,
          1,
          null,
          null,
          null,
          null
        ]
      },
      "/Users/apa/3module/sweater-weather/config/initializers/application_controller_renderer.rb": {
        "lines": [
          null,
          null,
          null,
          null,
          null,
          null,
          null,
          null
        ]
      },
      "/Users/apa/3module/sweater-weather/config/initializers/backtrace_silencers.rb": {
        "lines": [
          null,
          null,
          null,
          null,
          null,
          null,
          null
        ]
      },
      "/Users/apa/3module/sweater-weather/config/initializers/cors.rb": {
        "lines": [
          null,
          null,
          null,
          null,
          null,
          null,
          null,
          null,
          null,
          null,
          null,
          null,
          null,
          null,
          null,
          null
        ]
      },
      "/Users/apa/3module/sweater-weather/config/initializers/filter_parameter_logging.rb": {
        "lines": [
          null,
          null,
          null,
          1
        ]
      },
      "/Users/apa/3module/sweater-weather/config/initializers/inflections.rb": {
        "lines": [
          null,
          null,
          null,
          null,
          null,
          null,
          null,
          null,
          null,
          null,
          null,
          null,
          null,
          null,
          null,
          null
        ]
      },
      "/Users/apa/3module/sweater-weather/config/initializers/mime_types.rb": {
        "lines": [
          null,
          null,
          null,
          null
        ]
      },
      "/Users/apa/3module/sweater-weather/config/initializers/wrap_parameters.rb": {
        "lines": [
          null,
          null,
          null,
          null,
          null,
          null,
          1,
          2,
          null,
          null,
          null,
          null,
          null,
          null
        ]
      },
      "/Users/apa/3module/sweater-weather/config/routes.rb": {
        "lines": [
          1,
          null,
          1,
          1,
          1,
          1,
          1,
          null,
          null,
          null
        ]
      },
      "/Users/apa/3module/sweater-weather/app/facades/coordinates_facade.rb": {
        "lines": [
          1,
          null,
          1,
          2,
          2,
          null,
          null,
          null
        ]
      },
      "/Users/apa/3module/sweater-weather/spec/poros/coordinate_spec.rb": {
        "lines": [
          1,
          null,
          1,
          1,
          null,
          1,
          null,
          null,
          null,
          null,
          1,
          null,
          1,
          1,
          1,
          null,
          null
        ]
      },
      "/Users/apa/3module/sweater-weather/app/poros/coordinate.rb": {
        "lines": [
          1,
          1,
          1,
          3,
          3,
          null,
          null,
          null
        ]
      },
      "/Users/apa/3module/sweater-weather/spec/requests/api/v1/background_request_spec.rb": {
        "lines": [
          1,
          null,
          1,
          1,
          1,
          null,
          1,
          1,
          null,
          0,
          null,
          0,
          null,
          null
        ]
      },
      "/Users/apa/3module/sweater-weather/spec/requests/api/v1/forecast_request_spec.rb": {
        "lines": [
          1,
          null,
          1,
          1,
          null,
          1,
          null,
          1,
          1,
          null,
          1,
          null,
          1,
          null,
          1,
          null,
          0,
          null,
          0,
          null,
          null
        ]
      },
      "/Users/apa/3module/sweater-weather/spec/services/coordinates_service_spec.rb": {
        "lines": [
          1,
          null,
          1,
          1,
          1,
          1,
          null,
          null,
          null,
          1,
          1,
          1,
          1,
          null,
          null,
          null
        ]
      },
      "/Users/apa/3module/sweater-weather/app/services/coordinates_service.rb": {
        "lines": [
          1,
          1,
          3,
          3,
          null,
          null,
          null,
          1,
          3,
          3,
          null,
          3,
          null,
          null
        ]
      },
      "/Users/apa/3module/sweater-weather/spec/services/forecast_service_spec.rb": {
        "lines": [
          1,
          null,
          1,
          1,
          1,
          null,
          1,
          null,
          null
        ]
      },
      "/Users/apa/3module/sweater-weather/app/controllers/api/v1/backgrounds_controller.rb": {
        "lines": [
          1,
          null,
          1,
          null,
          null
        ]
      },
      "/Users/apa/3module/sweater-weather/app/controllers/application_controller.rb": {
        "lines": [
          1,
          null
        ]
      },
      "/Users/apa/3module/sweater-weather/app/controllers/api/v1/forecast_controller.rb": {
        "lines": [
          1,
          1,
          1,
          1,
          1,
          null,
          null
        ]
      },
      "/Users/apa/3module/sweater-weather/app/serializers/forecast_serializer.rb": {
        "lines": [
          1,
          1,
          null,
          1,
          1,
          null
        ]
      },
      "/Users/apa/3module/sweater-weather/app/facades/forecast_facade.rb": {
        "lines": [
          1,
          1,
          0,
          0,
          null,
          null,
          1,
          0,
          0,
          null,
          null,
          null,
          1,
          0,
          0,
          null,
          null,
          null,
          1,
          1,
          null,
          null
        ]
      },
      "/Users/apa/3module/sweater-weather/app/poros/weather.rb": {
        "lines": [
          1,
          1,
          null,
          1,
          1,
          1,
          6,
          9,
          null,
          null
        ]
      },
      "/Users/apa/3module/sweater-weather/app/services/forecast_service.rb": {
        "lines": [
          1,
          1,
          2,
          2,
          null,
          null,
          null,
          1,
          2,
          2,
          2,
          2,
          2,
          null,
          2,
          null,
          null
        ]
      },
      "/Users/apa/3module/sweater-weather/app/poros/current_weather.rb": {
        "lines": [
          1,
          1,
          null,
          null,
          null,
          1,
          1,
          1,
          1,
          1,
          1,
          1,
          1,
          1,
          1,
          null,
          null
        ]
      },
      "/Users/apa/3module/sweater-weather/app/poros/daily_weather.rb": {
        "lines": [
          1,
          1,
          null,
          null,
          1,
          5,
          5,
          5,
          5,
          5,
          5,
          5,
          null,
          null
        ]
      },
      "/Users/apa/3module/sweater-weather/app/poros/hourly_weather.rb": {
        "lines": [
          1,
          1,
          null,
          1,
          8,
          8,
          8,
          8,
          null,
          null
        ]
      }
    },
    "timestamp": 1646632895
  }
}
